\BOOKMARK [0][-]{chapter.1}{theory}{}% 1
\BOOKMARK [1][-]{section.1.1}{The history of wakefield acceleration}{chapter.1}% 2
\BOOKMARK [1][-]{section.1.2}{Plasma physics}{chapter.1}% 3
\BOOKMARK [2][-]{subsection.1.2.1}{debye shielding}{section.1.2}% 4
\BOOKMARK [2][-]{subsection.1.2.2}{time scales}{section.1.2}% 5
\BOOKMARK [2][-]{subsection.1.2.3}{plasma definition}{section.1.2}% 6
\BOOKMARK [2][-]{subsection.1.2.4}{electromagnetic waves in plasmas}{section.1.2}% 7
\BOOKMARK [2][-]{subsection.1.2.5}{fluid model of plasmas}{section.1.2}% 8
\BOOKMARK [2][-]{subsection.1.2.6}{waves in plasmas}{section.1.2}% 9
\BOOKMARK [2][-]{subsection.1.2.7}{wavebreaking}{section.1.2}% 10
\BOOKMARK [1][-]{section.1.3}{PWFA theory}{chapter.1}% 11
\BOOKMARK [2][-]{subsection.1.3.1}{history of PWFA}{section.1.3}% 12
\BOOKMARK [1][-]{section.1.4}{The blowout regime}{chapter.1}% 13
\BOOKMARK [1][-]{section.1.5}{Descriptions for the blowout regime}{chapter.1}% 14
\BOOKMARK [1][-]{section.1.6}{Accelerator physics}{chapter.1}% 15
\BOOKMARK [2][-]{subsection.1.6.1}{Panowsky-Wenzel Theorem}{section.1.6}% 16
\BOOKMARK [1][-]{section.1.7}{Electron Trapping in plasma accelerators}{chapter.1}% 17
\BOOKMARK [2][-]{subsection.1.7.1}{luminal wakefield, electron injected at rest}{section.1.7}% 18
\BOOKMARK [2][-]{subsection.1.7.2}{subluminal wakefield, electron injected at rest}{section.1.7}% 19
\BOOKMARK [2][-]{subsection.1.7.3}{subluminal wakefield, electrons at rest}{section.1.7}% 20
\BOOKMARK [2][-]{subsection.1.7.4}{superluminal wakefield}{section.1.7}% 21
\BOOKMARK [2][-]{subsection.1.7.5}{From the Trapping Potential to the Current Profile - velocity bunching at it's max.}{section.1.7}% 22
\BOOKMARK [1][-]{section.1.8}{laser ionisation description}{chapter.1}% 23
\BOOKMARK [2][-]{subsection.1.8.1}{Keldysh Parameter}{section.1.8}% 24
\BOOKMARK [2][-]{subsection.1.8.2}{ADK theory}{section.1.8}% 25
\BOOKMARK [1][-]{section.1.9}{Influence of the ionization behaviour}{chapter.1}% 26
\BOOKMARK [2][-]{subsection.1.9.1}{Rake injection}{section.1.9}% 27
\BOOKMARK [1][-]{section.1.10}{Trojan Horse}{chapter.1}% 28
\BOOKMARK [1][-]{section.1.11}{Downramp assisted Trojan Horse}{chapter.1}% 29
\BOOKMARK [0][-]{chapter.2}{experiment}{}% 30
\BOOKMARK [1][-]{section.2.1}{The FACET experimental setup}{chapter.2}% 31
\BOOKMARK [2][-]{subsection.2.1.1}{Laser energy calibration}{section.2.1}% 32
\BOOKMARK [1][-]{section.2.2}{Electro Optical Sampling \(EOS\)}{chapter.2}% 33
\BOOKMARK [1][-]{section.2.3}{Ionization test}{chapter.2}% 34
\BOOKMARK [1][-]{section.2.4}{Plasma glow diagnostic}{chapter.2}% 35
